{"C:\\formaciones\\skylab-coders\\202204\\week2\\demos\\sonar\\index.js": {"path":"C:\\formaciones\\skylab-coders\\202204\\week2\\demos\\sonar\\index.js","statementMap":{"0":{"start":{"line":1,"column":10},"end":{"line":1,"column":11}},"1":{"start":{"line":2,"column":10},"end":{"line":2,"column":11}},"2":{"start":{"line":4,"column":14},"end":{"line":8,"column":1}},"3":{"start":{"line":5,"column":12},"end":{"line":5,"column":13}},"4":{"start":{"line":6,"column":12},"end":{"line":6,"column":13}},"5":{"start":{"line":7,"column":2},"end":{"line":7,"column":15}},"6":{"start":{"line":10,"column":0},"end":{"line":10,"column":23}}},"fnMap":{"0":{"name":"(anonymous_0)","decl":{"start":{"line":4,"column":14},"end":{"line":4,"column":15}},"loc":{"start":{"line":4,"column":24},"end":{"line":8,"column":1}},"line":4}},"branchMap":{},"s":{"0":1,"1":1,"2":1,"3":1,"4":1,"5":1,"6":1},"f":{"0":1},"b":{},"_coverageSchema":"1a1c01bbd47fc00a2c39e90264f33305004495a9","hash":"390f3c69a6e7a93b07658f1f99cec754964857aa"}
}
